  Using 'git status' to determine working set for adaptive non-unity build (D:\XRMR\Tuoom).
  Parsing headers for TuoomEditor
    Running UnrealHeaderTool "D:\XRMR\Tuoom\Tuoom\Tuoom.uproject" "D:\XRMR\Tuoom\Tuoom\Intermediate\Build\Win64\TuoomEditor\Development\TuoomEditor.uhtmanifest" -LogCmds="loginit warning, logexit warning, logdatabase error" -Unattended -WarningsAsErrors -abslog="C:\Users\Default.DESKTOP-6F3BTUF\AppData\Local\UnrealBuildTool\Log_UHT.txt" -installed
  LogInit: Display: Loading text-based GConfig....
  Reflection code generated for TuoomEditor in 2.6072583 seconds
  Building TuoomEditor...
  Using Visual Studio 2019 14.29.30133 toolchain (C:\Program Files (x86)\Microsoft Visual Studio\2019\Community\VC\Tools\MSVC\14.29.30133) and Windows 10.0.16299.0 SDK (C:\Program Files (x86)\Windows Kits\10).
  Distributing 6 actions to XGE
  --------------------Build System Warning---------------------------------------
  License is invalid:
      License information is invalid. Please try reloading your license file using the Coordinator Monitor application on the Coordinator machine, or reinstall IncrediBuild.
      This build will run in standalone mode.
  
  -------------------------------------------------------------------------------
  --------------------Project: Default-------------------------------------------
  WJ_VJingTable.cpp (0:00.50 at +0:00)
  Tuoom.init.gen.cpp (0:00.48 at +0:00)
  WJ_VJingTable.gen.cpp (0:00.62 at +0:00)
  UE4Editor-Tuoom-0003.lib (0:00.06 at +0:01)
     D:\XRMR\Tuoom\Tuoom\Intermediate\Build\Win64\UE4Editor\Development\Tuoom\UE4Editor-Tuoom-0003.lib 라이브러리 및 D:\XRMR\Tuoom\Tuoom\Intermediate\Build\Win64\UE4Editor\Development\Tuoom\UE4Editor-Tuoom-0003.exp 개체를 생성하고 있습니다.
  UE4Editor-Tuoom-0003.dll (0:00.57 at +0:01)
     D:\XRMR\Tuoom\Tuoom\Intermediate\Build\Win64\UE4Editor\Development\Tuoom\UE4Editor-Tuoom-0003.suppressed.lib 라이브러리 및 D:\XRMR\Tuoom\Tuoom\Intermediate\Build\Win64\UE4Editor\Development\Tuoom\UE4Editor-Tuoom-0003.suppressed.exp 개체를 생성하고 있습니다.
  TuoomEditor.target (0:00.15 at +0:02)
  ---------------------- Done ----------------------
  
      Rebuild All: 1 succeeded, 0 failed, 0 skipped
  
  1 build system warning(s):
     - License is invalid
  
  Total time in XGE executor: 2.60 seconds
  Total execution time: 5.78 seconds
